\BOOKMARK [1][-]{section.1}{\376\377\000I\000n\000t\000r\000o\000d\000u\000c\000t\000i\000o\000n}{}% 1
\BOOKMARK [2][-]{subsection.1.1}{\376\377\000C\000o\000n\000t\000e\000x\000t\000:\000\040\000T\000h\000e\000\040\000D\000B\0002\0005\000\040\000S\000Q\000L\000\040\000P\000a\000r\000s\000e\000r}{section.1}% 2
\BOOKMARK [1][-]{section.2}{\376\377\000T\000h\000e\000\040\000F\000u\000n\000d\000a\000m\000e\000n\000t\000a\000l\000\040\000P\000r\000o\000b\000l\000e\000m}{}% 3
\BOOKMARK [2][-]{subsection.2.1}{\376\377\000S\000Q\000L\000'\000s\000\040\000C\000o\000n\000t\000e\000x\000t\000-\000S\000e\000n\000s\000i\000t\000i\000v\000e\000\040\000N\000a\000t\000u\000r\000e}{section.2}% 4
\BOOKMARK [2][-]{subsection.2.2}{\376\377\000T\000h\000e\000\040\000T\000o\000k\000e\000n\000i\000z\000e\000r\000'\000s\000\040\000P\000e\000r\000s\000p\000e\000c\000t\000i\000v\000e}{section.2}% 5
\BOOKMARK [1][-]{section.3}{\376\377\000C\000u\000r\000r\000e\000n\000t\000\040\000I\000m\000p\000l\000e\000m\000e\000n\000t\000a\000t\000i\000o\000n\000\040\000A\000n\000a\000l\000y\000s\000i\000s}{}% 6
\BOOKMARK [2][-]{subsection.3.1}{\376\377\000A\000p\000p\000r\000o\000a\000c\000h\000\040\0001\000:\000\040\000G\000e\000n\000e\000r\000i\000c\000\040\000I\000d\000e\000n\000t\000i\000f\000i\000e\000r\000\040\000N\000o\000d\000e\000s}{section.3}% 7
\BOOKMARK [3][-]{subsubsection.3.1.1}{\376\377\000I\000m\000p\000l\000e\000m\000e\000n\000t\000a\000t\000i\000o\000n}{subsection.3.1}% 8
\BOOKMARK [2][-]{subsection.3.2}{\376\377\000A\000p\000p\000r\000o\000a\000c\000h\000\040\0002\000:\000\040\000C\000o\000n\000t\000e\000x\000t\000-\000A\000w\000a\000r\000e\000\040\000C\000o\000l\000u\000m\000n\000\040\000R\000e\000f\000e\000r\000e\000n\000c\000e\000s}{section.3}% 9
\BOOKMARK [1][-]{section.4}{\376\377\000T\000h\000e\000\040\000C\000o\000l\000u\000m\000n\000\040\000R\000e\000f\000e\000r\000e\000n\000c\000e\000\040\000D\000i\000l\000e\000m\000m\000a}{}% 10
\BOOKMARK [2][-]{subsection.4.1}{\376\377\000W\000h\000y\000\040\000"\000A\000l\000m\000o\000s\000t\000\040\000C\000e\000r\000t\000a\000i\000n\000l\000y\000"\000\040\000I\000s\000n\000'\000t\000\040\000G\000o\000o\000d\000\040\000E\000n\000o\000u\000g\000h}{section.4}% 11
\BOOKMARK [2][-]{subsection.4.2}{\376\377\000T\000h\000e\000\040\000P\000r\000i\000n\000c\000i\000p\000a\000l\000\040\000E\000n\000g\000i\000n\000e\000e\000r\000'\000s\000\040\000S\000o\000l\000u\000t\000i\000o\000n}{section.4}% 12
\BOOKMARK [1][-]{section.5}{\376\377\000A\000S\000T\000\040\000S\000t\000r\000u\000c\000t\000u\000r\000e\000\040\000C\000o\000m\000p\000a\000r\000i\000s\000o\000n}{}% 13
\BOOKMARK [2][-]{subsection.5.1}{\376\377\000M\000e\000m\000o\000r\000y\000\040\000L\000a\000y\000o\000u\000t\000\040\000a\000n\000d\000\040\000S\000t\000r\000u\000c\000t\000u\000r\000e}{section.5}% 14
\BOOKMARK [2][-]{subsection.5.2}{\376\377\000V\000i\000s\000u\000a\000l\000\040\000A\000S\000T\000\040\000C\000o\000m\000p\000a\000r\000i\000s\000o\000n}{section.5}% 15
\BOOKMARK [3][-]{subsubsection.5.2.1}{\376\377\000C\000u\000r\000r\000e\000n\000t\000\040\000A\000S\000T\000\040\000\050\000G\000e\000n\000e\000r\000i\000c\000\040\000I\000d\000e\000n\000t\000i\000f\000i\000e\000r\000s\000\051}{subsection.5.2}% 16
\BOOKMARK [3][-]{subsubsection.5.2.2}{\376\377\000P\000r\000o\000p\000o\000s\000e\000d\000\040\000A\000S\000T\000\040\000\050\000C\000o\000n\000t\000e\000x\000t\000-\000A\000w\000a\000r\000e\000\051}{subsection.5.2}% 17
\BOOKMARK [1][-]{section.6}{\376\377\000I\000m\000p\000l\000e\000m\000e\000n\000t\000a\000t\000i\000o\000n\000\040\000S\000t\000r\000a\000t\000e\000g\000i\000e\000s}{}% 18
\BOOKMARK [2][-]{subsection.6.1}{\376\377\000S\000t\000r\000a\000t\000e\000g\000y\000\040\0001\000:\000\040\000C\000o\000n\000s\000e\000r\000v\000a\000t\000i\000v\000e\000\040\000A\000p\000p\000r\000o\000a\000c\000h}{section.6}% 19
\BOOKMARK [2][-]{subsection.6.2}{\376\377\000S\000t\000r\000a\000t\000e\000g\000y\000\040\0002\000:\000\040\000O\000p\000t\000i\000m\000i\000s\000t\000i\000c\000\040\000A\000p\000p\000r\000o\000a\000c\000h}{section.6}% 20
\BOOKMARK [2][-]{subsection.6.3}{\376\377\000S\000t\000r\000a\000t\000e\000g\000y\000\040\0003\000:\000\040\000H\000y\000b\000r\000i\000d\000\040\000A\000p\000p\000r\000o\000a\000c\000h\000\040\000\050\000R\000e\000c\000o\000m\000m\000e\000n\000d\000e\000d\000\051}{section.6}% 21
\BOOKMARK [1][-]{section.7}{\376\377\000I\000m\000p\000a\000c\000t\000\040\000o\000n\000\040\000S\000e\000m\000a\000n\000t\000i\000c\000\040\000A\000n\000a\000l\000y\000s\000i\000s}{}% 22
\BOOKMARK [2][-]{subsection.7.1}{\376\377\000P\000h\000a\000s\000e\000\040\0001\000:\000\040\000S\000y\000m\000b\000o\000l\000\040\000R\000e\000s\000o\000l\000u\000t\000i\000o\000n}{section.7}% 23
\BOOKMARK [3][-]{subsubsection.7.1.1}{\376\377\000W\000i\000t\000h\000\040\000G\000e\000n\000e\000r\000i\000c\000\040\000I\000d\000e\000n\000t\000i\000f\000i\000e\000r\000s}{subsection.7.1}% 24
\BOOKMARK [3][-]{subsubsection.7.1.2}{\376\377\000W\000i\000t\000h\000\040\000C\000o\000n\000t\000e\000x\000t\000-\000A\000w\000a\000r\000e\000\040\000N\000o\000d\000e\000s}{subsection.7.1}% 25
\BOOKMARK [2][-]{subsection.7.2}{\376\377\000P\000h\000a\000s\000e\000\040\0002\000:\000\040\000T\000y\000p\000e\000\040\000C\000h\000e\000c\000k\000i\000n\000g}{section.7}% 26
\BOOKMARK [2][-]{subsection.7.3}{\376\377\000P\000h\000a\000s\000e\000\040\0003\000:\000\040\000Q\000u\000e\000r\000y\000\040\000O\000p\000t\000i\000m\000i\000z\000a\000t\000i\000o\000n}{section.7}% 27
\BOOKMARK [1][-]{section.8}{\376\377\330\074\337\316\376\017\000\040\000P\000e\000r\000f\000o\000r\000m\000a\000n\000c\000e\000\040\000I\000m\000p\000l\000i\000c\000a\000t\000i\000o\000n\000s}{}% 28
\BOOKMARK [2][-]{subsection.8.1}{\376\377\000M\000e\000m\000o\000r\000y\000\040\000A\000c\000c\000e\000s\000s\000\040\000P\000a\000t\000t\000e\000r\000n\000s}{section.8}% 29
\BOOKMARK [2][-]{subsection.8.2}{\376\377\000B\000e\000n\000c\000h\000m\000a\000r\000k\000\040\000R\000e\000s\000u\000l\000t\000s}{section.8}% 30
\BOOKMARK [2][-]{subsection.8.3}{\376\377\000B\000r\000a\000n\000c\000h\000\040\000P\000r\000e\000d\000i\000c\000t\000i\000o\000n\000\040\000I\000m\000p\000a\000c\000t}{section.8}% 31
\BOOKMARK [1][-]{section.9}{\376\377\330\076\335\355\000\040\000C\000o\000n\000t\000e\000x\000t\000\040\000H\000i\000n\000t\000\040\000S\000y\000s\000t\000e\000m}{}% 32
\BOOKMARK [2][-]{subsection.9.1}{\376\377\000I\000m\000p\000l\000e\000m\000e\000n\000t\000a\000t\000i\000o\000n\000\040\000o\000f\000\040\000P\000a\000r\000s\000e\000\040\000C\000o\000n\000t\000e\000x\000t\000\040\000T\000r\000a\000c\000k\000i\000n\000g}{section.9}% 33
\BOOKMARK [3][-]{subsubsection.9.1.1}{\376\377\000C\000o\000n\000t\000e\000x\000t\000\040\000T\000y\000p\000e\000s}{subsection.9.1}% 34
\BOOKMARK [3][-]{subsubsection.9.1.2}{\376\377\000S\000t\000o\000r\000a\000g\000e\000\040\000M\000e\000c\000h\000a\000n\000i\000s\000m}{subsection.9.1}% 35
\BOOKMARK [3][-]{subsubsection.9.1.3}{\376\377\000B\000e\000n\000e\000f\000i\000t\000s\000\040\000o\000f\000\040\000C\000o\000n\000t\000e\000x\000t\000\040\000H\000i\000n\000t\000s}{subsection.9.1}% 36
\BOOKMARK [1][-]{section.10}{\376\377\330\074\337\223\000\040\000E\000d\000u\000c\000a\000t\000i\000o\000n\000a\000l\000\040\000T\000a\000k\000e\000a\000w\000a\000y\000s}{}% 37
\BOOKMARK [2][-]{subsection.10.1}{\376\377\000S\000e\000p\000a\000r\000a\000t\000i\000o\000n\000\040\000o\000f\000\040\000C\000o\000n\000c\000e\000r\000n\000s\000\040\000i\000s\000\040\000N\000o\000t\000\040\000A\000l\000w\000a\000y\000s\000\040\000C\000l\000e\000a\000r\000-\000C\000u\000t}{section.10}% 38
\BOOKMARK [2][-]{subsection.10.2}{\376\377\000P\000e\000r\000f\000o\000r\000m\000a\000n\000c\000e\000\040\000v\000s\000.\000\040\000C\000o\000r\000r\000e\000c\000t\000n\000e\000s\000s\000\040\000T\000r\000a\000d\000e\000-\000o\000f\000f\000s}{section.10}% 39
\BOOKMARK [2][-]{subsection.10.3}{\376\377\000T\000h\000e\000\040\000I\000m\000p\000o\000r\000t\000a\000n\000c\000e\000\040\000o\000f\000\040\000A\000S\000T\000\040\000D\000e\000s\000i\000g\000n}{section.10}% 40
\BOOKMARK [2][-]{subsection.10.4}{\376\377\000C\000o\000n\000t\000e\000x\000t\000-\000F\000r\000e\000e\000\040\000v\000s\000.\000\040\000C\000o\000n\000t\000e\000x\000t\000-\000S\000e\000n\000s\000i\000t\000i\000v\000e\000\040\000P\000a\000r\000s\000i\000n\000g}{section.10}% 41
\BOOKMARK [2][-]{subsection.10.5}{\376\377\000T\000h\000e\000\040\000V\000a\000l\000u\000e\000\040\000o\000f\000\040\000E\000x\000p\000l\000i\000c\000i\000t\000\040\000U\000n\000c\000e\000r\000t\000a\000i\000n\000t\000y}{section.10}% 42
\BOOKMARK [2][-]{subsection.10.6}{\376\377\000C\000a\000c\000h\000e\000-\000A\000w\000a\000r\000e\000\040\000D\000a\000t\000a\000\040\000S\000t\000r\000u\000c\000t\000u\000r\000e\000\040\000D\000e\000s\000i\000g\000n}{section.10}% 43
\BOOKMARK [2][-]{subsection.10.7}{\376\377\000T\000h\000e\000\040\000R\000e\000a\000l\000\040\000C\000o\000s\000t\000\040\000o\000f\000\040\000A\000b\000s\000t\000r\000a\000c\000t\000i\000o\000n}{section.10}% 44
\BOOKMARK [1][-]{section.11}{\376\377\047\005\000\040\000C\000o\000n\000c\000l\000u\000s\000i\000o\000n}{}% 45
\BOOKMARK [1][-]{section.12}{\376\377\000R\000e\000f\000e\000r\000e\000n\000c\000e\000s\000\040\000a\000n\000d\000\040\000F\000u\000r\000t\000h\000e\000r\000\040\000R\000e\000a\000d\000i\000n\000g}{}% 46
\BOOKMARK [1][-]{appendix.A}{\376\377\000T\000e\000s\000t\000\040\000C\000a\000s\000e\000\040\000A\000n\000a\000l\000y\000s\000i\000s}{}% 47
\BOOKMARK [1][-]{appendix.B}{\376\377\000S\000I\000M\000D\000\040\000O\000p\000t\000i\000m\000i\000z\000a\000t\000i\000o\000n\000\040\000C\000o\000n\000t\000e\000x\000t}{}% 48
\BOOKMARK [1][-]{appendix.C}{\376\377\000G\000r\000a\000m\000m\000a\000r\000\040\000S\000p\000e\000c\000i\000f\000i\000c\000a\000t\000i\000o\000n\000\040\000E\000x\000t\000r\000a\000c\000t}{}% 49
